<?xml version="1.0" encoding="UTF-8"?>
<!-- Generated by org.testng.reporters.JUnitReportReporter -->
<testsuite hostname="DESKTOP-SSA31IA" failures="0" tests="1" name="Testcases.VerifySineUpPage" time="11.089" errors="0" timestamp="2022-08-29T00:04:56 IST" skipped="0">
  <testcase classname="Testcases.VerifySineUpPage" name="sineUp" time="11.089"/>
  <system-out/>
</testsuite> <!-- Testcases.VerifySineUpPage -->
