<?xml version="1.0" encoding="UTF-8"?>
<!-- Generated by org.testng.reporters.JUnitReportReporter -->
<testsuite hostname="DESKTOP-SSA31IA" failures="0" tests="1" name="Testcases.VerifyLoginTestCase" time="6.596" errors="0" timestamp="2022-08-28T23:45:55 IST" skipped="0">
  <testcase classname="Testcases.VerifyLoginTestCase" name="login" time="6.596"/>
  <system-out/>
</testsuite> <!-- Testcases.VerifyLoginTestCase -->
